# JRE version: Java(TM) SE Runtime Environment (8.0_151-b12) (build 1.8.0_151-b12)
# Java VM: Java HotSpot(TM) 64-Bit Server VM (25.151-b12 mixed mode windows-amd64 compressed oops)
Heap:
 PSYoungGen      total 110080K, used 74911K [0x00000000d6a00000, 0x00000000ddc00000, 0x0000000100000000)
  eden space 105472K, 71% used [0x00000000d6a00000,0x00000000db327f00,0x00000000dd100000)
  from space 4608K, 0% used [0x00000000dd780000,0x00000000dd780000,0x00000000ddc00000)
  to   space 5120K, 0% used [0x00000000dd200000,0x00000000dd200000,0x00000000dd700000)
 ParOldGen       total 347136K, used 175826K [0x0000000083e00000, 0x0000000099100000, 0x00000000d6a00000)
  object space 347136K, 50% used [0x0000000083e00000,0x000000008e9b4b58,0x0000000099100000)
 Metaspace       used 9535K, capacity 9724K, committed 9984K, reserved 1058816K
  class space    used 1121K, capacity 1201K, committed 1280K, reserved 1048576K
GC Heap History (10 events):
Event: 0.618 GC heap before
{Heap before GC invocations=3 (full 1):
 PSYoungGen      total 70656K, used 5098K [0x00000000d6a00000, 0x00000000db400000, 0x0000000100000000)
  eden space 65536K, 0% used [0x00000000d6a00000,0x00000000d6a00000,0x00000000daa00000)
  from space 5120K, 99% used [0x00000000daf00000,0x00000000db3fab20,0x00000000db400000)
  to   space 5120K, 0% used [0x00000000daa00000,0x00000000daa00000,0x00000000daf00000)
 ParOldGen       total 86016K, used 73318K [0x0000000083e00000, 0x0000000089200000, 0x00000000d6a00000)
  object space 86016K, 85% used [0x0000000083e00000,0x0000000088599a70,0x0000000089200000)
 Metaspace       used 9105K, capacity 9312K, committed 9472K, reserved 1056768K
  class space    used 1118K, capacity 1197K, committed 1280K, reserved 1048576K
Event: 0.643 GC heap after
Heap after GC invocations=3 (full 1):
 PSYoungGen      total 70656K, used 0K [0x00000000d6a00000, 0x00000000db400000, 0x0000000100000000)
  eden space 65536K, 0% used [0x00000000d6a00000,0x00000000d6a00000,0x00000000daa00000)
  from space 5120K, 0% used [0x00000000daf00000,0x00000000daf00000,0x00000000db400000)
  to   space 5120K, 0% used [0x00000000daa00000,0x00000000daa00000,0x00000000daf00000)
 ParOldGen       total 141824K, used 57273K [0x0000000083e00000, 0x000000008c880000, 0x00000000d6a00000)
  object space 141824K, 40% used [0x0000000083e00000,0x00000000875ee448,0x000000008c880000)
 Metaspace       used 9105K, capacity 9312K, committed 9472K, reserved 1056768K
  class space    used 1118K, capacity 1197K, committed 1280K, reserved 1048576K
}
Event: 1.001 GC heap before
{Heap before GC invocations=4 (full 1):
 PSYoungGen      total 70656K, used 62909K [0x00000000d6a00000, 0x00000000db400000, 0x0000000100000000)
  eden space 65536K, 95% used [0x00000000d6a00000,0x00000000da76f4b0,0x00000000daa00000)
  from space 5120K, 0% used [0x00000000daf00000,0x00000000daf00000,0x00000000db400000)
  to   space 5120K, 0% used [0x00000000daa00000,0x00000000daa00000,0x00000000daf00000)
 ParOldGen       total 141824K, used 57273K [0x0000000083e00000, 0x000000008c880000, 0x00000000d6a00000)
  object space 141824K, 40% used [0x0000000083e00000,0x00000000875ee448,0x000000008c880000)
 Metaspace       used 9318K, capacity 9528K, committed 9728K, reserved 1058816K
  class space    used 1121K, capacity 1201K, committed 1280K, reserved 1048576K
Event: 1.030 GC heap after
Heap after GC invocations=4 (full 1):
 PSYoungGen      total 70656K, used 4538K [0x00000000d6a00000, 0x00000000ddc80000, 0x0000000100000000)
  eden space 65536K, 0% used [0x00000000d6a00000,0x00000000d6a00000,0x00000000daa00000)
  from space 5120K, 88% used [0x00000000daa00000,0x00000000dae6eb10,0x00000000daf00000)
  to   space 5120K, 0% used [0x00000000dd780000,0x00000000dd780000,0x00000000ddc80000)
 ParOldGen       total 141824K, used 124781K [0x0000000083e00000, 0x000000008c880000, 0x00000000d6a00000)
  object space 141824K, 87% used [0x0000000083e00000,0x000000008b7db548,0x000000008c880000)
 Metaspace       used 9318K, capacity 9528K, committed 9728K, reserved 1058816K
  class space    used 1121K, capacity 1201K, committed 1280K, reserved 1048576K
}
Event: 1.030 GC heap before
{Heap before GC invocations=5 (full 2):
 PSYoungGen      total 70656K, used 4538K [0x00000000d6a00000, 0x00000000ddc80000, 0x0000000100000000)
  eden space 65536K, 0% used [0x00000000d6a00000,0x00000000d6a00000,0x00000000daa00000)
  from space 5120K, 88% used [0x00000000daa00000,0x00000000dae6eb10,0x00000000daf00000)
  to   space 5120K, 0% used [0x00000000dd780000,0x00000000dd780000,0x00000000ddc80000)
 ParOldGen       total 141824K, used 124781K [0x0000000083e00000, 0x000000008c880000, 0x00000000d6a00000)
  object space 141824K, 87% used [0x0000000083e00000,0x000000008b7db548,0x000000008c880000)
 Metaspace       used 9318K, capacity 9528K, committed 9728K, reserved 1058816K
  class space    used 1121K, capacity 1201K, committed 1280K, reserved 1048576K
Event: 1.050 GC heap after
Heap after GC invocations=5 (full 2):
 PSYoungGen      total 70656K, used 0K [0x00000000d6a00000, 0x00000000ddc80000, 0x0000000100000000)
  eden space 65536K, 0% used [0x00000000d6a00000,0x00000000d6a00000,0x00000000daa00000)
  from space 5120K, 0% used [0x00000000daa00000,0x00000000daa00000,0x00000000daf00000)
  to   space 5120K, 0% used [0x00000000dd780000,0x00000000dd780000,0x00000000ddc80000)
 ParOldGen       total 249856K, used 116588K [0x0000000083e00000, 0x0000000093200000, 0x00000000d6a00000)
  object space 249856K, 46% used [0x0000000083e00000,0x000000008afdb0c8,0x0000000093200000)
 Metaspace       used 9318K, capacity 9528K, committed 9728K, reserved 1058816K
  class space    used 1121K, capacity 1201K, committed 1280K, reserved 1048576K
}
Event: 1.421 GC heap before
{Heap before GC invocations=6 (full 2):
 PSYoungGen      total 70656K, used 61429K [0x00000000d6a00000, 0x00000000ddc80000, 0x0000000100000000)
  eden space 65536K, 93% used [0x00000000d6a00000,0x00000000da5fd678,0x00000000daa00000)
  from space 5120K, 0% used [0x00000000daa00000,0x00000000daa00000,0x00000000daf00000)
  to   space 5120K, 0% used [0x00000000dd780000,0x00000000dd780000,0x00000000ddc80000)
 ParOldGen       total 249856K, used 116588K [0x0000000083e00000, 0x0000000093200000, 0x00000000d6a00000)
  object space 249856K, 46% used [0x0000000083e00000,0x000000008afdb0c8,0x0000000093200000)
 Metaspace       used 9434K, capacity 9656K, committed 9984K, reserved 1058816K
  class space    used 1121K, capacity 1201K, committed 1280K, reserved 1048576K
Event: 1.451 GC heap after
Heap after GC invocations=6 (full 2):
 PSYoungGen      total 110080K, used 4538K [0x00000000d6a00000, 0x00000000ddc00000, 0x0000000100000000)
  eden space 105472K, 0% used [0x00000000d6a00000,0x00000000d6a00000,0x00000000dd100000)
  from space 4608K, 98% used [0x00000000dd780000,0x00000000ddbeeb10,0x00000000ddc00000)
  to   space 5120K, 0% used [0x00000000dd200000,0x00000000dd200000,0x00000000dd700000)
 ParOldGen       total 249856K, used 188315K [0x0000000083e00000, 0x0000000093200000, 0x00000000d6a00000)
  object space 249856K, 75% used [0x0000000083e00000,0x000000008f5e6cd8,0x0000000093200000)
 Metaspace       used 9434K, capacity 9656K, committed 9984K, reserved 1058816K
  class space    used 1121K, capacity 1201K, committed 1280K, reserved 1048576K
}
Event: 1.451 GC heap before
{Heap before GC invocations=7 (full 3):
 PSYoungGen      total 110080K, used 4538K [0x00000000d6a00000, 0x00000000ddc00000, 0x0000000100000000)
  eden space 105472K, 0% used [0x00000000d6a00000,0x00000000d6a00000,0x00000000dd100000)
  from space 4608K, 98% used [0x00000000dd780000,0x00000000ddbeeb10,0x00000000ddc00000)
  to   space 5120K, 0% used [0x00000000dd200000,0x00000000dd200000,0x00000000dd700000)
 ParOldGen       total 249856K, used 188315K [0x0000000083e00000, 0x0000000093200000, 0x00000000d6a00000)
  object space 249856K, 75% used [0x0000000083e00000,0x000000008f5e6cd8,0x0000000093200000)
 Metaspace       used 9434K, capacity 9656K, committed 9984K, reserved 1058816K
  class space    used 1121K, capacity 1201K, committed 1280K, reserved 1048576K
Event: 1.565 GC heap after
Heap after GC invocations=7 (full 3):
 PSYoungGen      total 110080K, used 0K [0x00000000d6a00000, 0x00000000ddc00000, 0x0000000100000000)
  eden space 105472K, 0% used [0x00000000d6a00000,0x00000000d6a00000,0x00000000dd100000)
  from space 4608K, 0% used [0x00000000dd780000,0x00000000dd780000,0x00000000ddc00000)
  to   space 5120K, 0% used [0x00000000dd200000,0x00000000dd200000,0x00000000dd700000)
 ParOldGen       total 347136K, used 175826K [0x0000000083e00000, 0x0000000099100000, 0x00000000d6a00000)
  object space 347136K, 50% used [0x0000000083e00000,0x000000008e9b4b58,0x0000000099100000)
 Metaspace       used 9434K, capacity 9656K, committed 9984K, reserved 1058816K
  class space    used 1121K, capacity 1201K, committed 1280K, reserved 1048576K
}

