# JRE version: Java(TM) SE Runtime Environment (8.0_151-b12) (build 1.8.0_151-b12)
# Java VM: Java HotSpot(TM) 64-Bit Server VM (25.151-b12 mixed mode windows-amd64 compressed oops)
Heap:
 PSYoungGen      total 222208K, used 165659K [0x00000000d6a00000, 0x00000000f7a80000, 0x0000000100000000)
  eden space 141312K, 99% used [0x00000000d6a00000,0x00000000df2aaa38,0x00000000df400000)
  from space 80896K, 31% used [0x00000000df400000,0x00000000e0d1c280,0x00000000e4300000)
  to   space 165888K, 0% used [0x00000000ed880000,0x00000000ed880000,0x00000000f7a80000)
 ParOldGen       total 767488K, used 678760K [0x0000000083e00000, 0x00000000b2b80000, 0x00000000d6a00000)
  object space 767488K, 88% used [0x0000000083e00000,0x00000000ad8f8d90,0x00000000b2b80000)
 Metaspace       used 9831K, capacity 10044K, committed 10240K, reserved 1058816K
  class space    used 1123K, capacity 1201K, committed 1280K, reserved 1048576K
GC Heap History (10 events):
Event: 1.778 GC heap before
{Heap before GC invocations=8 (full 3):
 PSYoungGen      total 113664K, used 108769K [0x00000000d6a00000, 0x00000000ddf00000, 0x0000000100000000)
  eden space 109056K, 99% used [0x00000000d6a00000,0x00000000dd4387a8,0x00000000dd480000)
  from space 4608K, 0% used [0x00000000dda80000,0x00000000dda80000,0x00000000ddf00000)
  to   space 5120K, 0% used [0x00000000dd500000,0x00000000dd500000,0x00000000dda00000)
 ParOldGen       total 335360K, used 175826K [0x0000000083e00000, 0x0000000098580000, 0x00000000d6a00000)
  object space 335360K, 52% used [0x0000000083e00000,0x000000008e9b4b00,0x0000000098580000)
 Metaspace       used 9540K, capacity 9724K, committed 9984K, reserved 1058816K
  class space    used 1121K, capacity 1201K, committed 1280K, reserved 1048576K
Event: 1.848 GC heap after
Heap after GC invocations=8 (full 3):
 PSYoungGen      total 114688K, used 4762K [0x00000000d6a00000, 0x00000000e8180000, 0x0000000100000000)
  eden space 109568K, 0% used [0x00000000d6a00000,0x00000000d6a00000,0x00000000dd500000)
  from space 5120K, 93% used [0x00000000dd500000,0x00000000dd9a6b10,0x00000000dda00000)
  to   space 64000K, 0% used [0x00000000e4300000,0x00000000e4300000,0x00000000e8180000)
 ParOldGen       total 335360K, used 289741K [0x0000000083e00000, 0x0000000098580000, 0x00000000d6a00000)
  object space 335360K, 86% used [0x0000000083e00000,0x00000000958f35b0,0x0000000098580000)
 Metaspace       used 9540K, capacity 9724K, committed 9984K, reserved 1058816K
  class space    used 1121K, capacity 1201K, committed 1280K, reserved 1048576K
}
Event: 1.848 GC heap before
{Heap before GC invocations=9 (full 4):
 PSYoungGen      total 114688K, used 4762K [0x00000000d6a00000, 0x00000000e8180000, 0x0000000100000000)
  eden space 109568K, 0% used [0x00000000d6a00000,0x00000000d6a00000,0x00000000dd500000)
  from space 5120K, 93% used [0x00000000dd500000,0x00000000dd9a6b10,0x00000000dda00000)
  to   space 64000K, 0% used [0x00000000e4300000,0x00000000e4300000,0x00000000e8180000)
 ParOldGen       total 335360K, used 289741K [0x0000000083e00000, 0x0000000098580000, 0x00000000d6a00000)
  object space 335360K, 86% used [0x0000000083e00000,0x00000000958f35b0,0x0000000098580000)
 Metaspace       used 9540K, capacity 9724K, committed 9984K, reserved 1058816K
  class space    used 1121K, capacity 1201K, committed 1280K, reserved 1048576K
Event: 1.900 GC heap after
Heap after GC invocations=9 (full 4):
 PSYoungGen      total 114688K, used 0K [0x00000000d6a00000, 0x00000000e8180000, 0x0000000100000000)
  eden space 109568K, 0% used [0x00000000d6a00000,0x00000000d6a00000,0x00000000dd500000)
  from space 5120K, 0% used [0x00000000dd500000,0x00000000dd500000,0x00000000dda00000)
  to   space 64000K, 0% used [0x00000000e4300000,0x00000000e4300000,0x00000000e8180000)
 ParOldGen       total 502272K, used 281724K [0x0000000083e00000, 0x00000000a2880000, 0x00000000d6a00000)
  object space 502272K, 56% used [0x0000000083e00000,0x000000009511f2e8,0x00000000a2880000)
 Metaspace       used 9540K, capacity 9724K, committed 9984K, reserved 1058816K
  class space    used 1121K, capacity 1201K, committed 1280K, reserved 1048576K
}
Event: 2.438 GC heap before
{Heap before GC invocations=10 (full 4):
 PSYoungGen      total 114688K, used 108788K [0x00000000d6a00000, 0x00000000e8180000, 0x0000000100000000)
  eden space 109568K, 99% used [0x00000000d6a00000,0x00000000dd43d278,0x00000000dd500000)
  from space 5120K, 0% used [0x00000000dd500000,0x00000000dd500000,0x00000000dda00000)
  to   space 64000K, 0% used [0x00000000e4300000,0x00000000e4300000,0x00000000e8180000)
 ParOldGen       total 502272K, used 281724K [0x0000000083e00000, 0x00000000a2880000, 0x00000000d6a00000)
  object space 502272K, 56% used [0x0000000083e00000,0x000000009511f2e8,0x00000000a2880000)
 Metaspace       used 9634K, capacity 9852K, committed 9984K, reserved 1058816K
  class space    used 1121K, capacity 1201K, committed 1280K, reserved 1048576K
Event: 2.485 GC heap after
Heap after GC invocations=10 (full 4):
 PSYoungGen      total 205312K, used 63857K [0x00000000d6a00000, 0x00000000ea400000, 0x0000000100000000)
  eden space 141312K, 0% used [0x00000000d6a00000,0x00000000d6a00000,0x00000000df400000)
  from space 64000K, 99% used [0x00000000e4300000,0x00000000e815c5f0,0x00000000e8180000)
  to   space 80896K, 0% used [0x00000000df400000,0x00000000df400000,0x00000000e4300000)
 ParOldGen       total 502272K, used 332357K [0x0000000083e00000, 0x00000000a2880000, 0x00000000d6a00000)
  object space 502272K, 66% used [0x0000000083e00000,0x00000000982917a8,0x00000000a2880000)
 Metaspace       used 9634K, capacity 9852K, committed 9984K, reserved 1058816K
  class space    used 1121K, capacity 1201K, committed 1280K, reserved 1048576K
}
Event: 3.262 GC heap before
{Heap before GC invocations=11 (full 4):
 PSYoungGen      total 205312K, used 202982K [0x00000000d6a00000, 0x00000000ea400000, 0x0000000100000000)
  eden space 141312K, 98% used [0x00000000d6a00000,0x00000000df1dd360,0x00000000df400000)
  from space 64000K, 99% used [0x00000000e4300000,0x00000000e815c5f0,0x00000000e8180000)
  to   space 80896K, 0% used [0x00000000df400000,0x00000000df400000,0x00000000e4300000)
 ParOldGen       total 502272K, used 336576K [0x0000000083e00000, 0x00000000a2880000, 0x00000000d6a00000)
  object space 502272K, 67% used [0x0000000083e00000,0x00000000986b02b8,0x00000000a2880000)
 Metaspace       used 9689K, capacity 9916K, committed 10240K, reserved 1058816K
  class space    used 1121K, capacity 1201K, committed 1280K, reserved 1048576K
Event: 3.377 GC heap after
Heap after GC invocations=11 (full 4):
 PSYoungGen      total 222208K, used 80892K [0x00000000d6a00000, 0x00000000f7a80000, 0x0000000100000000)
  eden space 141312K, 0% used [0x00000000d6a00000,0x00000000d6a00000,0x00000000df400000)
  from space 80896K, 99% used [0x00000000df400000,0x00000000e42ff230,0x00000000e4300000)
  to   space 165888K, 0% used [0x00000000ed880000,0x00000000ed880000,0x00000000f7a80000)
 ParOldGen       total 502272K, used 467686K [0x0000000083e00000, 0x00000000a2880000, 0x00000000d6a00000)
  object space 502272K, 93% used [0x0000000083e00000,0x00000000a06b99a8,0x00000000a2880000)
 Metaspace       used 9689K, capacity 9916K, committed 10240K, reserved 1058816K
  class space    used 1121K, capacity 1201K, committed 1280K, reserved 1048576K
}
Event: 3.377 GC heap before
{Heap before GC invocations=12 (full 5):
 PSYoungGen      total 222208K, used 80892K [0x00000000d6a00000, 0x00000000f7a80000, 0x0000000100000000)
  eden space 141312K, 0% used [0x00000000d6a00000,0x00000000d6a00000,0x00000000df400000)
  from space 80896K, 99% used [0x00000000df400000,0x00000000e42ff230,0x00000000e4300000)
  to   space 165888K, 0% used [0x00000000ed880000,0x00000000ed880000,0x00000000f7a80000)
 ParOldGen       total 502272K, used 467686K [0x0000000083e00000, 0x00000000a2880000, 0x00000000d6a00000)
  object space 502272K, 93% used [0x0000000083e00000,0x00000000a06b99a8,0x00000000a2880000)
 Metaspace       used 9689K, capacity 9916K, committed 10240K, reserved 1058816K
  class space    used 1121K, capacity 1201K, committed 1280K, reserved 1048576K
Event: 3.555 GC heap after
Heap after GC invocations=12 (full 5):
 PSYoungGen      total 222208K, used 25712K [0x00000000d6a00000, 0x00000000f7a80000, 0x0000000100000000)
  eden space 141312K, 0% used [0x00000000d6a00000,0x00000000d6a00000,0x00000000df400000)
  from space 80896K, 31% used [0x00000000df400000,0x00000000e0d1c280,0x00000000e4300000)
  to   space 165888K, 0% used [0x00000000ed880000,0x00000000ed880000,0x00000000f7a80000)
 ParOldGen       total 767488K, used 501572K [0x0000000083e00000, 0x00000000b2b80000, 0x00000000d6a00000)
  object space 767488K, 65% used [0x0000000083e00000,0x00000000a27d11e0,0x00000000b2b80000)
 Metaspace       used 9689K, capacity 9916K, committed 10240K, reserved 1058816K
  class space    used 1121K, capacity 1201K, committed 1280K, reserved 1048576K
}

